<?xml version="1.0" encoding="UTF-8"?>
<!-- Generated by org.testng.reporters.JUnitXMLReporter -->
<testsuite hostname="DESKTOP-IHDG9BJ" ignored="0" name="Default test" tests="4" failures="0" timestamp="24 Jan 2021 10:43:38 GMT" time="30.648" errors="0">
  <testcase name="validateFromCitiesDropdwon" time="0.211" classname="com.blazedemo.qa.testcases.SmokeSuite"/>
  <testcase name="validateSearchResultsHeader" time="0.999" classname="com.blazedemo.qa.testcases.SmokeSuite"/>
  <testcase name="validateToCitiesDropdwon" time="0.211" classname="com.blazedemo.qa.testcases.SmokeSuite"/>
  <testcase name="validateUIElementsOfPurchasePage" time="1.819" classname="com.blazedemo.qa.testcases.SmokeSuite"/>
</testsuite> <!-- Default test -->
