<?xml version="1.0" encoding="UTF-8"?>
<!-- Generated by org.testng.reporters.JUnitXMLReporter -->
<testsuite hostname="DESKTOP-IHDG9BJ" ignored="4" name="Test" tests="2" failures="0" timestamp="24 Jan 2021 13:16:19 GMT" time="23.655" errors="0">
  <testcase name="bookTicket" time="3.839" classname="com.blazedemo.qa.testcases.E2ESuite"/>
  <testcase name="bookTicket" time="4.16" classname="com.blazedemo.qa.testcases.E2ESuite"/>
  <testcase name="validateUIElementsOfPurchasePage" time="0.0" classname="com.blazedemo.qa.testcases.SmokeSuite">
    <ignored/>
  </testcase> <!-- validateUIElementsOfPurchasePage -->
  <testcase name="validateToCitiesDropdown" time="0.0" classname="com.blazedemo.qa.testcases.SmokeSuite">
    <ignored/>
  </testcase> <!-- validateToCitiesDropdown -->
  <testcase name="validateFromCitiesDropdown" time="0.0" classname="com.blazedemo.qa.testcases.SmokeSuite">
    <ignored/>
  </testcase> <!-- validateFromCitiesDropdown -->
  <testcase name="validateSearchResultsHeader" time="0.0" classname="com.blazedemo.qa.testcases.SmokeSuite">
    <ignored/>
  </testcase> <!-- validateSearchResultsHeader -->
</testsuite> <!-- Test -->
